info it worked if it ends with ok
verbose cli [ 'node', '/usr/local/bin/npm', 'install', 'uglify' ]
info using npm@1.1.15
info using node@v0.6.19
verbose /usr/local/bin/node node symlink
verbose config file /Users/jacob/.npmrc
verbose config file /usr/local/etc/npmrc
verbose config file /usr/local/lib/node_modules/npm/npmrc
verbose caching /Users/jacob/node_modules/coffee-script/package.json
verbose caching /Users/jacob/node_modules/jslint/package.json
verbose caching /Users/jacob/node_modules/jsmin/package.json
verbose caching /Users/jacob/node_modules/less/package.json
verbose caching /Users/jacob/node_modules/requirejs/package.json
verbose cache add [ 'uglify', null ]
silly cache add: name, spec, args [ undefined, 'uglify', [ 'uglify', null ] ]
verbose parsed url { pathname: 'uglify', path: 'uglify', href: 'uglify' }
verbose addNamed [ 'uglify', '' ]
verbose addNamed [ null, '' ]
silly name, range, hasData [ 'uglify', '', false ]
verbose raw, before any munging uglify
verbose url resolving [ 'https://registry.npmjs.org/', './uglify' ]
verbose url resolved https://registry.npmjs.org/uglify
http GET https://registry.npmjs.org/uglify
http 404 https://registry.npmjs.org/uglify
silly get cb [ 404,
silly get cb   { server: 'CouchDB/1.2.0 (Erlang OTP/R15B)',
silly get cb     date: 'Thu, 13 Sep 2012 08:03:43 GMT',
silly get cb     'content-type': 'application/json',
silly get cb     'content-length': '52',
silly get cb     'cache-control': 'must-revalidate' } ]
ERR! 404 'uglify' is not in the npm registry.
ERR! 404 You should bug the author to publish it
ERR! 404 Note that you can also install from a
ERR! 404 tarball, folder, or http url, or git url.
ERR! 
ERR! System Darwin 12.1.0
ERR! command "node" "/usr/local/bin/npm" "install" "uglify"
ERR! cwd /Users/jacob/Documents/Projects/jquery.serialize_form
ERR! node -v v0.6.19
ERR! npm -v 1.1.15
ERR! code E404
ERR! message 404 Not Found: uglify
ERR! errno {}
verbose exit [ 1, true ]
